{"D:\\work\\mate\\JavaScript\\object\\js_stateful-object\\src\\transformState.js": {"path":"D:\\work\\mate\\JavaScript\\object\\js_stateful-object\\src\\transformState.js","statementMap":{"0":{"start":{"line":9,"column":2},"end":{"line":27,"column":3}},"1":{"start":{"line":10,"column":4},"end":{"line":26,"column":5}},"2":{"start":{"line":12,"column":8},"end":{"line":12,"column":44}},"3":{"start":{"line":13,"column":8},"end":{"line":13,"column":14}},"4":{"start":{"line":15,"column":8},"end":{"line":19,"column":9}},"5":{"start":{"line":16,"column":10},"end":{"line":18,"column":11}},"6":{"start":{"line":17,"column":12},"end":{"line":17,"column":31}},"7":{"start":{"line":20,"column":8},"end":{"line":20,"column":14}},"8":{"start":{"line":22,"column":8},"end":{"line":25,"column":9}},"9":{"start":{"line":23,"column":10},"end":{"line":23,"column":28}},"10":{"start":{"line":24,"column":10},"end":{"line":24,"column":16}},"11":{"start":{"line":30,"column":0},"end":{"line":30,"column":32}}},"fnMap":{"0":{"name":"transformState","decl":{"start":{"line":8,"column":9},"end":{"line":8,"column":23}},"loc":{"start":{"line":8,"column":40},"end":{"line":28,"column":1}},"line":8}},"branchMap":{"0":{"loc":{"start":{"line":10,"column":4},"end":{"line":26,"column":5}},"type":"switch","locations":[{"start":{"line":11,"column":6},"end":{"line":13,"column":14}},{"start":{"line":14,"column":6},"end":{"line":20,"column":14}},{"start":{"line":21,"column":6},"end":{"line":25,"column":9}}],"line":10},"1":{"loc":{"start":{"line":16,"column":10},"end":{"line":18,"column":11}},"type":"if","locations":[{"start":{"line":16,"column":10},"end":{"line":18,"column":11}},{"start":{"line":16,"column":10},"end":{"line":18,"column":11}}],"line":16}},"s":{"0":13,"1":22,"2":0,"3":0,"4":0,"5":0,"6":0,"7":0,"8":0,"9":0,"10":0,"11":1},"f":{"0":13},"b":{"0":[0,0,0],"1":[0,0]},"_coverageSchema":"43e27e138ebf9cfc5966b082cf9a028302ed4184","hash":"3fb84e841400cb98bfabb2ea255619f045820240"}
}
